<?xml version="1.0" encoding="UTF-8"?>
<testsuite xmlns:xsi="http://www.w3.org/2001/XMLSchema-instance" xsi:noNamespaceSchemaLocation="https://maven.apache.org/surefire/maven-surefire-plugin/xsd/surefire-test-report-3.0.xsd" version="3.0" name="TestSuite" time="52.209" tests="13" errors="0" skipped="1" failures="1">
  <properties>
[...]
</properties>
  <testcase name="validateRegisterAnAccountByMandatoryDetails" classname="ty.com.TutorialsNinja.qa.testcases.RegisterTest" time="1.017">
    <system-err><![CDATA[SLF4J: Failed to load class "org.slf4j.impl.StaticLoggerBinder".
SLF4J: Defaulting to no-operation (NOP) logger implementation
SLF4J: See http://www.slf4j.org/codes.html#StaticLoggerBinder for further details.
Aug 31, 2023 9:06:06 AM org.openqa.selenium.devtools.CdpVersionFinder findNearestMatch
WARNING: Unable to find an exact match for CDP version 116, so returning the closest version found: 115
]]></system-err>
  </testcase>
  <testcase name="verifyRegisteringAccountByprovidingAllFields" classname="ty.com.TutorialsNinja.qa.testcases.RegisterTest" time="1.571">
    <system-err><![CDATA[Aug 31, 2023 9:06:11 AM org.openqa.selenium.devtools.CdpVersionFinder findNearestMatch
WARNING: Unable to find an exact match for CDP version 116, so returning the closest version found: 115
]]></system-err>
  </testcase>
  <testcase name="verifyRegisteringAccountByExistingAccountDetails" classname="ty.com.TutorialsNinja.qa.testcases.RegisterTest" time="1.066">
    <system-err><![CDATA[Aug 31, 2023 9:06:16 AM org.openqa.selenium.devtools.CdpVersionFinder findNearestMatch
WARNING: Unable to find an exact match for CDP version 116, so returning the closest version found: 115
]]></system-err>
  </testcase>
  <testcase name="verifyNotificationMessagesDisplayedForMandatoryFieldsDonProvideAnyFieldsInRegisterPageSubmit" classname="ty.com.TutorialsNinja.qa.testcases.RegisterTest" time="0.643">
    <system-err><![CDATA[Aug 31, 2023 9:06:21 AM org.openqa.selenium.devtools.CdpVersionFinder findNearestMatch
WARNING: Unable to find an exact match for CDP version 116, so returning the closest version found: 115
]]></system-err>
  </testcase>
  <testcase name="verifyLoginWithValidCredentials[manojshettyn8@gmail.com, Manoj@2580](1)" classname="ty.com.TutorialsNinja.qa.testcases.LoginTest" time="0.769">
    <system-err><![CDATA[Aug 31, 2023 9:06:26 AM org.openqa.selenium.devtools.CdpVersionFinder findNearestMatch
WARNING: Unable to find an exact match for CDP version 116, so returning the closest version found: 115
]]></system-err>
  </testcase>
  <testcase name="verifyLoginWithValidCredentials[world@gmail.com, Manoj@2580](2)" classname="ty.com.TutorialsNinja.qa.testcases.LoginTest" time="0.794">
    <system-err><![CDATA[Aug 31, 2023 9:06:30 AM org.openqa.selenium.devtools.CdpVersionFinder findNearestMatch
WARNING: Unable to find an exact match for CDP version 116, so returning the closest version found: 115
]]></system-err>
  </testcase>
  <testcase name="verifyLoginWithiInValidCredentialsInvalidEmilInvalidPassword" classname="ty.com.TutorialsNinja.qa.testcases.LoginTest" time="0.64">
    <system-err><![CDATA[Aug 31, 2023 9:06:34 AM org.openqa.selenium.devtools.CdpVersionFinder findNearestMatch
WARNING: Unable to find an exact match for CDP version 116, so returning the closest version found: 115
]]></system-err>
  </testcase>
  <testcase name="verifyLoginWithInvalidEmilValidPassword" classname="ty.com.TutorialsNinja.qa.testcases.LoginTest" time="0.694">
    <system-err><![CDATA[Aug 31, 2023 9:06:38 AM org.openqa.selenium.devtools.CdpVersionFinder findNearestMatch
WARNING: Unable to find an exact match for CDP version 116, so returning the closest version found: 115
]]></system-err>
  </testcase>
  <testcase name="verifyLoginWithValidEmailAddressInvalidPassword" classname="ty.com.TutorialsNinja.qa.testcases.LoginTest" time="0.633">
    <system-err><![CDATA[Aug 31, 2023 9:06:42 AM org.openqa.selenium.devtools.CdpVersionFinder findNearestMatch
WARNING: Unable to find an exact match for CDP version 116, so returning the closest version found: 115
]]></system-err>
  </testcase>
  <testcase name="verifyLoginWithoutProvidingCredentials" classname="ty.com.TutorialsNinja.qa.testcases.LoginTest" time="0.362">
    <system-err><![CDATA[Aug 31, 2023 9:06:45 AM org.openqa.selenium.devtools.CdpVersionFinder findNearestMatch
WARNING: Unable to find an exact match for CDP version 116, so returning the closest version found: 115
]]></system-err>
  </testcase>
  <testcase name="verifySearchingWithExistingProduct" classname="ty.com.TutorialsNinja.qa.testcases.SearchTest" time="0.368">
    <system-err><![CDATA[Aug 31, 2023 9:06:49 AM org.openqa.selenium.devtools.CdpVersionFinder findNearestMatch
WARNING: Unable to find an exact match for CDP version 116, so returning the closest version found: 115
]]></system-err>
  </testcase>
  <testcase name="verifySearchingWithNonExistingProduct" classname="ty.com.TutorialsNinja.qa.testcases.SearchTest" time="0.658">
    <failure message="Message: There is no product that matches the search criteria. is not displayed expected [jackie] but found [There is no product that matches the search criteria.]" type="java.lang.AssertionError"><![CDATA[java.lang.AssertionError: Message: There is no product that matches the search criteria. is not displayed expected [jackie] but found [There is no product that matches the search criteria.]
	at org.testng.Assert.fail(Assert.java:110)
	at org.testng.Assert.failNotEquals(Assert.java:1413)
	at org.testng.Assert.assertEqualsImpl(Assert.java:149)
	at org.testng.Assert.assertEquals(Assert.java:131)
	at org.testng.Assert.assertEquals(Assert.java:655)
	at ty.com.TutorialsNinja.qa.testcases.SearchTest.verifySearchingWithNonExistingProduct(SearchTest.java:45)
	at java.base/jdk.internal.reflect.DirectMethodHandleAccessor.invoke(DirectMethodHandleAccessor.java:104)
	at java.base/java.lang.reflect.Method.invoke(Method.java:578)
	at org.testng.internal.invokers.MethodInvocationHelper.invokeMethod(MethodInvocationHelper.java:139)
	at org.testng.internal.invokers.TestInvoker.invokeMethod(TestInvoker.java:677)
	at org.testng.internal.invokers.TestInvoker.invokeTestMethod(TestInvoker.java:221)
	at org.testng.internal.invokers.MethodRunner.runInSequence(MethodRunner.java:50)
	at org.testng.internal.invokers.TestInvoker$MethodInvocationAgent.invoke(TestInvoker.java:962)
	at org.testng.internal.invokers.TestInvoker.invokeTestMethods(TestInvoker.java:194)
	at org.testng.internal.invokers.TestMethodWorker.invokeTestMethods(TestMethodWorker.java:148)
	at org.testng.internal.invokers.TestMethodWorker.run(TestMethodWorker.java:128)
	at java.base/java.util.ArrayList.forEach(ArrayList.java:1511)
	at org.testng.TestRunner.privateRun(TestRunner.java:806)
	at org.testng.TestRunner.run(TestRunner.java:601)
	at org.testng.SuiteRunner.runTest(SuiteRunner.java:433)
	at org.testng.SuiteRunner.runSequentially(SuiteRunner.java:427)
	at org.testng.SuiteRunner.privateRun(SuiteRunner.java:387)
	at org.testng.SuiteRunner.run(SuiteRunner.java:330)
	at org.testng.SuiteRunnerWorker.runSuite(SuiteRunnerWorker.java:52)
	at org.testng.SuiteRunnerWorker.run(SuiteRunnerWorker.java:95)
	at org.testng.TestNG.runSuitesSequentially(TestNG.java:1256)
	at org.testng.TestNG.runSuitesLocally(TestNG.java:1176)
	at org.testng.TestNG.runSuites(TestNG.java:1099)
	at org.testng.TestNG.run(TestNG.java:1067)
	at org.apache.maven.surefire.testng.TestNGExecutor.run(TestNGExecutor.java:308)
	at org.apache.maven.surefire.testng.TestNGXmlTestSuite.execute(TestNGXmlTestSuite.java:71)
	at org.apache.maven.surefire.testng.TestNGProvider.invoke(TestNGProvider.java:113)
	at org.apache.maven.surefire.booter.ForkedBooter.runSuitesInProcess(ForkedBooter.java:385)
	at org.apache.maven.surefire.booter.ForkedBooter.execute(ForkedBooter.java:162)
	at org.apache.maven.surefire.booter.ForkedBooter.run(ForkedBooter.java:507)
	at org.apache.maven.surefire.booter.ForkedBooter.main(ForkedBooter.java:495)
]]></failure>
    <system-err><![CDATA[Aug 31, 2023 9:06:52 AM org.openqa.selenium.devtools.CdpVersionFinder findNearestMatch
WARNING: Unable to find an exact match for CDP version 116, so returning the closest version found: 115
]]></system-err>
  </testcase>
  <testcase name="verifySearchingWithoutProvidingAnyProductName" classname="ty.com.TutorialsNinja.qa.testcases.SearchTest" time="0.0">
    <skipped message="Method ty.com.TutorialsNinja.qa.testcases.SearchTest.verifySearchingWithoutProvidingAnyProductName() on instance ty.com.TutorialsNinja.qa.testcases.SearchTest@9597028 depends on not successfully finished methods &#10;[ty.com.TutorialsNinja.qa.testcases.SearchTest.verifySearchingWithExistingProduct() on instance ty.com.TutorialsNinja.qa.testcases.SearchTest@9597028&#10;ty.com.TutorialsNinja.qa.testcases.SearchTest.verifySearchingWithNonExistingProduct() on instance ty.com.TutorialsNinja.qa.testcases.SearchTest@9597028]"/>
  </testcase>
</testsuite>