<?xml version="1.0" encoding="UTF-8"?>
<!-- Generated by org.testng.reporters.JUnitXMLReporter -->
<testsuite ignored="0" hostname="TYSS-Manojshetty" failures="1" tests="13" name="TutorialsNinja Testcases" time="50.735" errors="0" timestamp="2023-08-31T09:06:56 IST">
  <testcase classname="ty.com.TutorialsNinja.qa.testcases.RegisterTest" name="validateRegisterAnAccountByMandatoryDetails" time="1.017"/>
  <testcase classname="ty.com.TutorialsNinja.qa.testcases.RegisterTest" name="verifyRegisteringAccountByprovidingAllFields" time="1.568"/>
  <testcase classname="ty.com.TutorialsNinja.qa.testcases.RegisterTest" name="verifyRegisteringAccountByExistingAccountDetails" time="1.062"/>
  <testcase classname="ty.com.TutorialsNinja.qa.testcases.RegisterTest" name="verifyNotificationMessagesDisplayedForMandatoryFieldsDonProvideAnyFieldsInRegisterPageSubmit" time="0.649"/>
  <testcase classname="ty.com.TutorialsNinja.qa.testcases.LoginTest" name="verifyLoginWithValidCredentials" time="0.772"/>
  <testcase classname="ty.com.TutorialsNinja.qa.testcases.LoginTest" name="verifyLoginWithValidCredentials" time="0.794"/>
  <testcase classname="ty.com.TutorialsNinja.qa.testcases.LoginTest" name="verifyLoginWithiInValidCredentialsInvalidEmilInvalidPassword" time="0.627"/>
  <testcase classname="ty.com.TutorialsNinja.qa.testcases.LoginTest" name="verifyLoginWithInvalidEmilValidPassword" time="0.694"/>
  <testcase classname="ty.com.TutorialsNinja.qa.testcases.LoginTest" name="verifyLoginWithValidEmailAddressInvalidPassword" time="0.633"/>
  <testcase classname="ty.com.TutorialsNinja.qa.testcases.LoginTest" name="verifyLoginWithoutProvidingCredentials" time="0.362"/>
  <testcase classname="ty.com.TutorialsNinja.qa.testcases.SearchTest" name="verifySearchingWithExistingProduct" time="0.368"/>
  <testcase classname="ty.com.TutorialsNinja.qa.testcases.SearchTest" name="verifySearchingWithNonExistingProduct" time="0.437">
    <failure type="java.lang.AssertionError" message="Message: There is no product that matches the search criteria. is not displayed expected [jackie] but found [There is no product that matches the search criteria.]">
      <![CDATA[java.lang.AssertionError: Message: There is no product that matches the search criteria. is not displayed expected [jackie] but found [There is no product that matches the search criteria.]
at ty.com.TutorialsNinja.qa.testcases.SearchTest.verifySearchingWithNonExistingProduct(SearchTest.java:45)
at java.base/java.util.ArrayList.forEach(ArrayList.java:1511)
... Removed 34 stack frames]]>
    </failure>
  </testcase> <!-- verifySearchingWithNonExistingProduct -->
  <testcase classname="ty.com.TutorialsNinja.qa.testcases.SearchTest" name="verifySearchingWithoutProvidingAnyProductName" time="0.0">
    <skipped/>
  </testcase> <!-- verifySearchingWithoutProvidingAnyProductName -->
</testsuite> <!-- TutorialsNinja Testcases -->
